<?xml version="1.0" encoding="UTF-8"?>
<testsuite name="com.dicedmelon.example.android.NumberProviderTest" tests="1" skipped="0" failures="0" errors="0" timestamp="2017-08-02T18:50:44" hostname="Rashins-MacBook-Pro.local" time="0.002">
  <properties/>
  <testcase name="shouldProvideProperNumber" classname="com.dicedmelon.example.android.NumberProviderTest" time="0.002"/>
  <system-out><![CDATA[]]></system-out>
  <system-err><![CDATA[]]></system-err>
</testsuite>
